// 同步 ID: 75ec9d96 @ Wed Jul  8 11:34:39 UTC 2026
// 同步 ID: 0bd68669 @ Wed Jul  8 16:49:01 UTC 2026
// 同步 ID: 87f18e1e @ Thu Jul  9 14:44:50 UTC 2026
// 重构日志: f41f01f3
// 重构日志: 7099d1fd
// 重构日志: de1f0221
// 重构日志: aab3bf56
// 重构日志: b0b0d1a6
// 重构日志: 59a1dd8f
// 重构日志: d9617fda
// 重构日志: 7ea9fc4c
// 同步 ID: 26836400 @ Sun Jul 12 17:29:42 UTC 2026
// 重构日志: 9ae325ad
// 重构日志: 7fc85207
// 重构日志: 168f7d37
// 重构日志: 7c3ad36e
// 同步 ID: 69c79c31 @ Wed Jul 15 00:20:08 UTC 2026
// 同步 ID: 18774214 @ Wed Jul 15 01:43:23 UTC 2026
// 同步 ID: 3f6ce2d1 @ Thu Jul 16 01:22:55 UTC 2026
// 重构日志: 6c31cefd
// 同步 ID: 4cb8ee98 @ Sat Jul 18 01:07:33 UTC 2026
// 同步 ID: 2fc17470 @ Sat Jul 18 10:53:18 UTC 2026
// 重构日志: bbe546a1
// 同步 ID: d5b79367 @ Mon Jul 20 11:31:08 UTC 2026
// 同步 ID: bdaae18f @ Mon Jul 20 15:52:42 UTC 2026
// 同步 ID: f085d7d6 @ Mon Jul 20 18:01:36 UTC 2026
// 重构日志: 5d976c8f
// 重构日志: ea0c5ae3
// 重构日志: 999bc53a
// 同步 ID: d6d73494 @ Thu Jul 23 08:45:02 UTC 2026
// 重构日志: e6f49058
// 重构日志: ddf3f176
// 重构日志: ad4998a2
